Iteration: 0
Iteration: 10
Iteration: 20
Iteration: 30
Iteration: 40
Iteration: 50
Iteration: 60
Iteration: 70
Iteration: 80
Iteration: 90
Iteration: 100
Iteration: 110
Iteration: 120
Iteration: 130
Iteration: 140
Iteration: 150
Iteration: 160
Iteration: 170
Iteration: 180
Iteration: 190
Iteration: 200
Iteration: 210
Iteration: 220
Iteration: 230
Iteration: 240
Iteration: 250
Iteration: 260
Iteration: 270
Iteration: 280
Iteration: 290
Iteration: 300
Iteration: 310
Iteration: 320
Iteration: 330
Iteration: 340
Iteration: 350
Iteration: 360
Iteration: 370
Iteration: 380
Iteration: 390
Iteration: 400
Iteration: 410
Iteration: 420
Iteration: 430
Iteration: 440
Iteration: 450
Iteration: 460
Iteration: 470
Iteration: 480
Iteration: 490
Iteration: 500
Iteration: 510
Iteration: 520
Dynamic Treatment
Status: optimal_inaccurate
Objective: 4527.00927575425
Solve Time: 51.95375710300002
Iterations: 529
