Iteration: 0
Iteration: 10
Iteration: 20
Iteration: 30
Iteration: 40
Iteration: 50
Iteration: 60
Iteration: 70
Iteration: 80
Iteration: 90
Iteration: 100
Iteration: 110
Iteration: 120
Iteration: 130
Iteration: 140
Iteration: 150
Iteration: 160
Iteration: 170
Iteration: 180
Iteration: 190
Iteration: 200
Iteration: 210
Iteration: 220
Iteration: 230
Iteration: 240
Iteration: 250
Iteration: 260
Iteration: 270
Iteration: 280
Iteration: 290
Dynamic Treatment
Status: optimal
Objective: 4495.428277388144
Solve Time: 28.879783219999993
Iterations: 294
